  MyForm.cpp
C:\Users\Кирилл\Desktop\творческая\Калькулятор1\MyForm.h(1801,12): warning C4244: =: преобразование "float" в "int", возможна потеря данных
C:\Users\Кирилл\Desktop\творческая\Калькулятор1\MyForm.h(1801,25): warning C4244: =: преобразование "float" в "int", возможна потеря данных
C:\Users\Кирилл\Desktop\творческая\Калькулятор1\MyForm.h(1801,38): warning C4244: =: преобразование "float" в "int", возможна потеря данных
C:\Users\Кирилл\Desktop\творческая\Калькулятор1\MyForm.h(1801,51): warning C4244: =: преобразование "float" в "int", возможна потеря данных
C:\Users\Кирилл\Desktop\творческая\Калькулятор1\MyForm.h(1801,64): warning C4244: =: преобразование "float" в "int", возможна потеря данных
C:\Users\Кирилл\Desktop\творческая\Калькулятор1\MyForm.h(1801,77): warning C4244: =: преобразование "float" в "int", возможна потеря данных
C:\Users\Кирилл\Desktop\творческая\Калькулятор1\MyForm.h(1801,90): warning C4244: =: преобразование "float" в "int", возможна потеря данных
C:\Users\Кирилл\Desktop\творческая\Калькулятор1\MyForm.h(1801,103): warning C4244: =: преобразование "float" в "int", возможна потеря данных
C:\Users\Кирилл\Desktop\творческая\Калькулятор1\MyForm.h(1802,13): warning C4244: =: преобразование "float" в "int", возможна потеря данных
C:\Users\Кирилл\Desktop\творческая\Калькулятор1\MyForm.h(1802,28): warning C4244: =: преобразование "float" в "int", возможна потеря данных
C:\Users\Кирилл\Desktop\творческая\Калькулятор1\MyForm.h(1802,43): warning C4244: =: преобразование "float" в "int", возможна потеря данных
C:\Users\Кирилл\Desktop\творческая\Калькулятор1\MyForm.h(1802,58): warning C4244: =: преобразование "float" в "int", возможна потеря данных
C:\Users\Кирилл\Desktop\творческая\Калькулятор1\MyForm.h(1802,73): warning C4244: =: преобразование "float" в "int", возможна потеря данных
C:\Users\Кирилл\Desktop\творческая\Калькулятор1\MyForm.h(1802,88): warning C4244: =: преобразование "float" в "int", возможна потеря данных
C:\Users\Кирилл\Desktop\творческая\Калькулятор1\MyForm.h(1802,103): warning C4244: =: преобразование "float" в "int", возможна потеря данных
C:\Users\Кирилл\Desktop\творческая\Калькулятор1\MyForm.h(1802,118): warning C4244: =: преобразование "float" в "int", возможна потеря данных
C:\Users\Кирилл\Desktop\творческая\Калькулятор1\MyForm.h(1803,11): warning C4244: =: преобразование "float" в "int", возможна потеря данных
C:\Users\Кирилл\Desktop\творческая\Калькулятор1\MyForm.h(1803,23): warning C4244: =: преобразование "float" в "int", возможна потеря данных
C:\Users\Кирилл\Desktop\творческая\Калькулятор1\MyForm.h(1803,35): warning C4244: =: преобразование "float" в "int", возможна потеря данных
C:\Users\Кирилл\Desktop\творческая\Калькулятор1\MyForm.h(1803,47): warning C4244: =: преобразование "float" в "int", возможна потеря данных
C:\Users\Кирилл\Desktop\творческая\Калькулятор1\MyForm.h(1803,59): warning C4244: =: преобразование "float" в "int", возможна потеря данных
C:\Users\Кирилл\Desktop\творческая\Калькулятор1\MyForm.h(1803,71): warning C4244: =: преобразование "float" в "int", возможна потеря данных
C:\Users\Кирилл\Desktop\творческая\Калькулятор1\MyForm.h(1803,83): warning C4244: =: преобразование "float" в "int", возможна потеря данных
C:\Users\Кирилл\Desktop\творческая\Калькулятор1\MyForm.h(1803,95): warning C4244: =: преобразование "float" в "int", возможна потеря данных
C:\Users\Кирилл\Desktop\творческая\Калькулятор1\MyForm.h(1804,12): warning C4244: =: преобразование "float" в "int", возможна потеря данных
C:\Users\Кирилл\Desktop\творческая\Калькулятор1\MyForm.h(1804,26): warning C4244: =: преобразование "float" в "int", возможна потеря данных
C:\Users\Кирилл\Desktop\творческая\Калькулятор1\MyForm.h(1804,40): warning C4244: =: преобразование "float" в "int", возможна потеря данных
C:\Users\Кирилл\Desktop\творческая\Калькулятор1\MyForm.h(1804,54): warning C4244: =: преобразование "float" в "int", возможна потеря данных
C:\Users\Кирилл\Desktop\творческая\Калькулятор1\MyForm.h(1804,68): warning C4244: =: преобразование "float" в "int", возможна потеря данных
C:\Users\Кирилл\Desktop\творческая\Калькулятор1\MyForm.h(1804,82): warning C4244: =: преобразование "float" в "int", возможна потеря данных
C:\Users\Кирилл\Desktop\творческая\Калькулятор1\MyForm.h(1804,96): warning C4244: =: преобразование "float" в "int", возможна потеря данных
C:\Users\Кирилл\Desktop\творческая\Калькулятор1\MyForm.h(1804,110): warning C4244: =: преобразование "float" в "int", возможна потеря данных
C:\Users\Кирилл\Desktop\творческая\Калькулятор1\MyForm.h(1899,12): warning C4244: =: преобразование "float" в "int", возможна потеря данных
C:\Users\Кирилл\Desktop\творческая\Калькулятор1\MyForm.h(1899,25): warning C4244: =: преобразование "float" в "int", возможна потеря данных
C:\Users\Кирилл\Desktop\творческая\Калькулятор1\MyForm.h(1899,38): warning C4244: =: преобразование "float" в "int", возможна потеря данных
C:\Users\Кирилл\Desktop\творческая\Калькулятор1\MyForm.h(1899,51): warning C4244: =: преобразование "float" в "int", возможна потеря данных
C:\Users\Кирилл\Desktop\творческая\Калькулятор1\MyForm.h(1899,64): warning C4244: =: преобразование "float" в "int", возможна потеря данных
C:\Users\Кирилл\Desktop\творческая\Калькулятор1\MyForm.h(1899,77): warning C4244: =: преобразование "float" в "int", возможна потеря данных
C:\Users\Кирилл\Desktop\творческая\Калькулятор1\MyForm.h(1899,90): warning C4244: =: преобразование "float" в "int", возможна потеря данных
C:\Users\Кирилл\Desktop\творческая\Калькулятор1\MyForm.h(1899,103): warning C4244: =: преобразование "float" в "int", возможна потеря данных
C:\Users\Кирилл\Desktop\творческая\Калькулятор1\MyForm.h(1900,13): warning C4244: =: преобразование "float" в "int", возможна потеря данных
C:\Users\Кирилл\Desktop\творческая\Калькулятор1\MyForm.h(1900,28): warning C4244: =: преобразование "float" в "int", возможна потеря данных
C:\Users\Кирилл\Desktop\творческая\Калькулятор1\MyForm.h(1900,43): warning C4244: =: преобразование "float" в "int", возможна потеря данных
C:\Users\Кирилл\Desktop\творческая\Калькулятор1\MyForm.h(1900,58): warning C4244: =: преобразование "float" в "int", возможна потеря данных
C:\Users\Кирилл\Desktop\творческая\Калькулятор1\MyForm.h(1900,73): warning C4244: =: преобразование "float" в "int", возможна потеря данных
C:\Users\Кирилл\Desktop\творческая\Калькулятор1\MyForm.h(1900,88): warning C4244: =: преобразование "float" в "int", возможна потеря данных
C:\Users\Кирилл\Desktop\творческая\Калькулятор1\MyForm.h(1900,103): warning C4244: =: преобразование "float" в "int", возможна потеря данных
C:\Users\Кирилл\Desktop\творческая\Калькулятор1\MyForm.h(1900,118): warning C4244: =: преобразование "float" в "int", возможна потеря данных
C:\Users\Кирилл\Desktop\творческая\Калькулятор1\MyForm.h(1901,11): warning C4244: =: преобразование "float" в "int", возможна потеря данных
C:\Users\Кирилл\Desktop\творческая\Калькулятор1\MyForm.h(1901,23): warning C4244: =: преобразование "float" в "int", возможна потеря данных
C:\Users\Кирилл\Desktop\творческая\Калькулятор1\MyForm.h(1901,35): warning C4244: =: преобразование "float" в "int", возможна потеря данных
C:\Users\Кирилл\Desktop\творческая\Калькулятор1\MyForm.h(1901,47): warning C4244: =: преобразование "float" в "int", возможна потеря данных
C:\Users\Кирилл\Desktop\творческая\Калькулятор1\MyForm.h(1901,59): warning C4244: =: преобразование "float" в "int", возможна потеря данных
C:\Users\Кирилл\Desktop\творческая\Калькулятор1\MyForm.h(1901,71): warning C4244: =: преобразование "float" в "int", возможна потеря данных
C:\Users\Кирилл\Desktop\творческая\Калькулятор1\MyForm.h(1901,83): warning C4244: =: преобразование "float" в "int", возможна потеря данных
C:\Users\Кирилл\Desktop\творческая\Калькулятор1\MyForm.h(1901,95): warning C4244: =: преобразование "float" в "int", возможна потеря данных
C:\Users\Кирилл\Desktop\творческая\Калькулятор1\MyForm.h(1902,12): warning C4244: =: преобразование "float" в "int", возможна потеря данных
C:\Users\Кирилл\Desktop\творческая\Калькулятор1\MyForm.h(1902,26): warning C4244: =: преобразование "float" в "int", возможна потеря данных
C:\Users\Кирилл\Desktop\творческая\Калькулятор1\MyForm.h(1902,40): warning C4244: =: преобразование "float" в "int", возможна потеря данных
C:\Users\Кирилл\Desktop\творческая\Калькулятор1\MyForm.h(1902,54): warning C4244: =: преобразование "float" в "int", возможна потеря данных
C:\Users\Кирилл\Desktop\творческая\Калькулятор1\MyForm.h(1902,68): warning C4244: =: преобразование "float" в "int", возможна потеря данных
C:\Users\Кирилл\Desktop\творческая\Калькулятор1\MyForm.h(1902,82): warning C4244: =: преобразование "float" в "int", возможна потеря данных
C:\Users\Кирилл\Desktop\творческая\Калькулятор1\MyForm.h(1902,96): warning C4244: =: преобразование "float" в "int", возможна потеря данных
C:\Users\Кирилл\Desktop\творческая\Калькулятор1\MyForm.h(1902,110): warning C4244: =: преобразование "float" в "int", возможна потеря данных
C:\Users\Кирилл\Desktop\творческая\Калькулятор1\MyForm.h(1979,12): warning C4244: =: преобразование "float" в "int", возможна потеря данных
C:\Users\Кирилл\Desktop\творческая\Калькулятор1\MyForm.h(1979,25): warning C4244: =: преобразование "float" в "int", возможна потеря данных
C:\Users\Кирилл\Desktop\творческая\Калькулятор1\MyForm.h(1979,38): warning C4244: =: преобразование "float" в "int", возможна потеря данных
C:\Users\Кирилл\Desktop\творческая\Калькулятор1\MyForm.h(1979,51): warning C4244: =: преобразование "float" в "int", возможна потеря данных
C:\Users\Кирилл\Desktop\творческая\Калькулятор1\MyForm.h(1979,64): warning C4244: =: преобразование "float" в "int", возможна потеря данных
C:\Users\Кирилл\Desktop\творческая\Калькулятор1\MyForm.h(1979,77): warning C4244: =: преобразование "float" в "int", возможна потеря данных
C:\Users\Кирилл\Desktop\творческая\Калькулятор1\MyForm.h(1979,90): warning C4244: =: преобразование "float" в "int", возможна потеря данных
C:\Users\Кирилл\Desktop\творческая\Калькулятор1\MyForm.h(1979,103): warning C4244: =: преобразование "float" в "int", возможна потеря данных
C:\Users\Кирилл\Desktop\творческая\Калькулятор1\MyForm.h(1980,11): warning C4244: =: преобразование "float" в "int", возможна потеря данных
C:\Users\Кирилл\Desktop\творческая\Калькулятор1\MyForm.h(1980,23): warning C4244: =: преобразование "float" в "int", возможна потеря данных
C:\Users\Кирилл\Desktop\творческая\Калькулятор1\MyForm.h(1980,35): warning C4244: =: преобразование "float" в "int", возможна потеря данных
C:\Users\Кирилл\Desktop\творческая\Калькулятор1\MyForm.h(1980,47): warning C4244: =: преобразование "float" в "int", возможна потеря данных
C:\Users\Кирилл\Desktop\творческая\Калькулятор1\MyForm.h(1980,59): warning C4244: =: преобразование "float" в "int", возможна потеря данных
C:\Users\Кирилл\Desktop\творческая\Калькулятор1\MyForm.h(1980,71): warning C4244: =: преобразование "float" в "int", возможна потеря данных
C:\Users\Кирилл\Desktop\творческая\Калькулятор1\MyForm.h(1980,83): warning C4244: =: преобразование "float" в "int", возможна потеря данных
C:\Users\Кирилл\Desktop\творческая\Калькулятор1\MyForm.h(1980,95): warning C4244: =: преобразование "float" в "int", возможна потеря данных
C:\Users\Кирилл\Desktop\творческая\Калькулятор1\MyForm.h(1990,1): warning C4965: неявная упаковка целого числа 0; используйте nullptr или явное приведение типов
C:\Users\Кирилл\Desktop\творческая\Калькулятор1\MyForm.h(1996,1): warning C4965: неявная упаковка целого числа 0; используйте nullptr или явное приведение типов
C:\Users\Кирилл\Desktop\творческая\Калькулятор1\MyForm.h(2002,1): warning C4965: неявная упаковка целого числа 0; используйте nullptr или явное приведение типов
C:\Users\Кирилл\Desktop\творческая\Калькулятор1\MyForm.h(2008,1): warning C4965: неявная упаковка целого числа 0; используйте nullptr или явное приведение типов
C:\Users\Кирилл\Desktop\творческая\Калькулятор1\MyForm.h(2014,1): warning C4965: неявная упаковка целого числа 0; используйте nullptr или явное приведение типов
C:\Users\Кирилл\Desktop\творческая\Калькулятор1\MyForm.h(2020,1): warning C4965: неявная упаковка целого числа 0; используйте nullptr или явное приведение типов
C:\Users\Кирилл\Desktop\творческая\Калькулятор1\MyForm.h(2026,1): warning C4965: неявная упаковка целого числа 0; используйте nullptr или явное приведение типов
C:\Users\Кирилл\Desktop\творческая\Калькулятор1\MyForm.h(2032,1): warning C4965: неявная упаковка целого числа 0; используйте nullptr или явное приведение типов
C:\Users\Кирилл\Desktop\творческая\Калькулятор1\MyForm.h(2038,19): warning C4244: =: преобразование "float" в "int", возможна потеря данных
C:\Users\Кирилл\Desktop\творческая\Калькулятор1\MyForm.h(1978,23): warning C4101: f5: неиспользованная локальная переменная
C:\Users\Кирилл\Desktop\творческая\Калькулятор1\MyForm.h(2086,12): warning C4244: =: преобразование "float" в "int", возможна потеря данных
C:\Users\Кирилл\Desktop\творческая\Калькулятор1\MyForm.h(2086,25): warning C4244: =: преобразование "float" в "int", возможна потеря данных
C:\Users\Кирилл\Desktop\творческая\Калькулятор1\MyForm.h(2086,38): warning C4244: =: преобразование "float" в "int", возможна потеря данных
C:\Users\Кирилл\Desktop\творческая\Калькулятор1\MyForm.h(2086,51): warning C4244: =: преобразование "float" в "int", возможна потеря данных
C:\Users\Кирилл\Desktop\творческая\Калькулятор1\MyForm.h(2086,64): warning C4244: =: преобразование "float" в "int", возможна потеря данных
C:\Users\Кирилл\Desktop\творческая\Калькулятор1\MyForm.h(2086,77): warning C4244: =: преобразование "float" в "int", возможна потеря данных
C:\Users\Кирилл\Desktop\творческая\Калькулятор1\MyForm.h(2086,90): warning C4244: =: преобразование "float" в "int", возможна потеря данных
C:\Users\Кирилл\Desktop\творческая\Калькулятор1\MyForm.h(2086,103): warning C4244: =: преобразование "float" в "int", возможна потеря данных
C:\Users\Кирилл\Desktop\творческая\Калькулятор1\MyForm.h(2087,11): warning C4244: =: преобразование "float" в "int", возможна потеря данных
C:\Users\Кирилл\Desktop\творческая\Калькулятор1\MyForm.h(2087,23): warning C4244: =: преобразование "float" в "int", возможна потеря данных
C:\Users\Кирилл\Desktop\творческая\Калькулятор1\MyForm.h(2087,35): warning C4244: =: преобразование "float" в "int", возможна потеря данных
C:\Users\Кирилл\Desktop\творческая\Калькулятор1\MyForm.h(2087,47): warning C4244: =: преобразование "float" в "int", возможна потеря данных
C:\Users\Кирилл\Desktop\творческая\Калькулятор1\MyForm.h(2087,59): warning C4244: =: преобразование "float" в "int", возможна потеря данных
C:\Users\Кирилл\Desktop\творческая\Калькулятор1\MyForm.h(2087,71): warning C4244: =: преобразование "float" в "int", возможна потеря данных
C:\Users\Кирилл\Desktop\творческая\Калькулятор1\MyForm.h(2087,83): warning C4244: =: преобразование "float" в "int", возможна потеря данных
C:\Users\Кирилл\Desktop\творческая\Калькулятор1\MyForm.h(2087,95): warning C4244: =: преобразование "float" в "int", возможна потеря данных
C:\Users\Кирилл\Desktop\творческая\Калькулятор1\MyForm.h(2097,1): warning C4965: неявная упаковка целого числа 0; используйте nullptr или явное приведение типов
C:\Users\Кирилл\Desktop\творческая\Калькулятор1\MyForm.h(2103,1): warning C4965: неявная упаковка целого числа 0; используйте nullptr или явное приведение типов
C:\Users\Кирилл\Desktop\творческая\Калькулятор1\MyForm.h(2109,1): warning C4965: неявная упаковка целого числа 0; используйте nullptr или явное приведение типов
C:\Users\Кирилл\Desktop\творческая\Калькулятор1\MyForm.h(2115,1): warning C4965: неявная упаковка целого числа 0; используйте nullptr или явное приведение типов
C:\Users\Кирилл\Desktop\творческая\Калькулятор1\MyForm.h(2121,1): warning C4965: неявная упаковка целого числа 0; используйте nullptr или явное приведение типов
C:\Users\Кирилл\Desktop\творческая\Калькулятор1\MyForm.h(2127,1): warning C4965: неявная упаковка целого числа 0; используйте nullptr или явное приведение типов
C:\Users\Кирилл\Desktop\творческая\Калькулятор1\MyForm.h(2133,1): warning C4965: неявная упаковка целого числа 0; используйте nullptr или явное приведение типов
C:\Users\Кирилл\Desktop\творческая\Калькулятор1\MyForm.h(2139,1): warning C4965: неявная упаковка целого числа 0; используйте nullptr или явное приведение типов
C:\Users\Кирилл\Desktop\творческая\Калькулятор1\MyForm.h(2085,23): warning C4101: f5: неиспользованная локальная переменная
  MyForm.obj : обнаружен модуль MSIL; для MSIL последовательная компоновка отключена; выполняется полная компоновка
  Калькулятор1.vcxproj -> C:\Users\Кирилл\Desktop\творческая\Калькулятор1\Debug\Калькулятор1.exe
